{
  "stats": {
    "suites": 2,
    "tests": 1,
    "passes": 1,
    "pending": 0,
    "failures": 0,
    "start": "2023-09-05T09:52:56.171Z",
    "end": "2023-09-05T09:52:56.192Z",
    "duration": 21,
    "testsRegistered": 1,
    "passPercent": 100,
    "pendingPercent": 0,
    "other": 0,
    "hasOther": false,
    "skipped": 0,
    "hasSkipped": false
  },
  "results": [
    {
      "uuid": "cc397352-fef9-4bec-be5f-7d44441d7758",
      "title": "",
      "fullFile": "D:\\vsfile\\folder\\automation-practice-js\\community\\h.savich\\tests\\mocha\\mocha.test.js",
      "file": "\\tests\\mocha\\mocha.test.js",
      "beforeHooks": [],
      "afterHooks": [],
      "tests": [],
      "suites": [
        {
          "uuid": "52450130-9351-40ca-bb83-baf749b2a31f",
          "title": "Test with mocha",
          "fullFile": "D:\\vsfile\\folder\\automation-practice-js\\community\\h.savich\\tests\\mocha\\mocha.test.js",
          "file": "\\tests\\mocha\\mocha.test.js",
          "beforeHooks": [],
          "afterHooks": [],
          "tests": [],
          "suites": [
            {
              "uuid": "55e38464-ec87-45b1-9025-f2634ef4c23a",
              "title": "Calculator: sum",
              "fullFile": "D:\\vsfile\\folder\\automation-practice-js\\community\\h.savich\\tests\\mocha\\mocha.test.js",
              "file": "\\tests\\mocha\\mocha.test.js",
              "beforeHooks": [],
              "afterHooks": [],
              "tests": [
                {
                  "title": "should return the sum od two nubmers",
                  "fullTitle": "Test with mocha Calculator: sum should return the sum od two nubmers",
                  "timedOut": false,
                  "duration": 0,
                  "state": "passed",
                  "speed": "fast",
                  "pass": true,
                  "fail": false,
                  "pending": false,
                  "context": null,
                  "code": "calculator.a = 3;\ncalculator.b = 6;\nassert.equal(calculator.sum(), 9);",
                  "err": {},
                  "uuid": "15fe532e-2996-40c3-bdd7-0a724e93f3e4",
                  "parentUUID": "55e38464-ec87-45b1-9025-f2634ef4c23a",
                  "isHook": false,
                  "skipped": false
                }
              ],
              "suites": [],
              "passes": [
                "15fe532e-2996-40c3-bdd7-0a724e93f3e4"
              ],
              "failures": [],
              "pending": [],
              "skipped": [],
              "duration": 0,
              "root": false,
              "rootEmpty": false,
              "_timeout": 2000
            }
          ],
          "passes": [],
          "failures": [],
          "pending": [],
          "skipped": [],
          "duration": 0,
          "root": false,
          "rootEmpty": false,
          "_timeout": 2000
        }
      ],
      "passes": [],
      "failures": [],
      "pending": [],
      "skipped": [],
      "duration": 0,
      "root": true,
      "rootEmpty": true,
      "_timeout": 2000
    }
  ],
  "meta": {
    "mocha": {
      "version": "10.2.0"
    },
    "mochawesome": {
      "options": {
        "quiet": false,
        "reportFilename": "mochawesome",
        "saveHtml": true,
        "saveJson": true,
        "consoleReporter": "spec",
        "useInlineDiffs": false,
        "code": true
      },
      "version": "7.1.3"
    },
    "marge": {
      "options": null,
      "version": "6.2.0"
    }
  }
}