{
  "stats": {
    "suites": 2,
    "tests": 1,
    "passes": 1,
    "pending": 0,
    "failures": 0,
    "start": "2023-09-04T13:36:13.983Z",
    "end": "2023-09-04T13:36:14.014Z",
    "duration": 31,
    "testsRegistered": 1,
    "passPercent": 100,
    "pendingPercent": 0,
    "other": 0,
    "hasOther": false,
    "skipped": 0,
    "hasSkipped": false
  },
  "results": [
    {
      "uuid": "7e595846-0233-4e47-b255-8d5bd5278863",
      "title": "",
      "fullFile": "D:\\vsfile\\folder\\automation-practice-js\\community\\h.savich\\mocha\\mocha.js",
      "file": "\\mocha\\mocha.js",
      "beforeHooks": [],
      "afterHooks": [],
      "tests": [],
      "suites": [
        {
          "uuid": "47161ccb-8db8-4f38-8346-4e6f327a25c1",
          "title": "Array",
          "fullFile": "D:\\vsfile\\folder\\automation-practice-js\\community\\h.savich\\mocha\\mocha.js",
          "file": "\\mocha\\mocha.js",
          "beforeHooks": [],
          "afterHooks": [],
          "tests": [],
          "suites": [
            {
              "uuid": "5634e77a-6959-4280-b52d-8e3895318dcb",
              "title": "Calculator: sum",
              "fullFile": "D:\\vsfile\\folder\\automation-practice-js\\community\\h.savich\\mocha\\mocha.js",
              "file": "\\mocha\\mocha.js",
              "beforeHooks": [],
              "afterHooks": [],
              "tests": [
                {
                  "title": "should return the sum od two nubmers",
                  "fullTitle": "Array Calculator: sum should return the sum od two nubmers",
                  "timedOut": false,
                  "duration": 1,
                  "state": "passed",
                  "speed": "fast",
                  "pass": true,
                  "fail": false,
                  "pending": false,
                  "context": null,
                  "code": "calculator.a = 3;\ncalculator.b = 6;\nassert.equal(calculator.sum(), 9);",
                  "err": {},
                  "uuid": "9438aefa-a90f-436f-9f61-5b0d99e50c6e",
                  "parentUUID": "5634e77a-6959-4280-b52d-8e3895318dcb",
                  "isHook": false,
                  "skipped": false
                }
              ],
              "suites": [],
              "passes": [
                "9438aefa-a90f-436f-9f61-5b0d99e50c6e"
              ],
              "failures": [],
              "pending": [],
              "skipped": [],
              "duration": 1,
              "root": false,
              "rootEmpty": false,
              "_timeout": 2000
            }
          ],
          "passes": [],
          "failures": [],
          "pending": [],
          "skipped": [],
          "duration": 0,
          "root": false,
          "rootEmpty": false,
          "_timeout": 2000
        }
      ],
      "passes": [],
      "failures": [],
      "pending": [],
      "skipped": [],
      "duration": 0,
      "root": true,
      "rootEmpty": true,
      "_timeout": 2000
    }
  ],
  "meta": {
    "mocha": {
      "version": "10.2.0"
    },
    "mochawesome": {
      "options": {
        "quiet": false,
        "reportFilename": "mochawesome",
        "saveHtml": true,
        "saveJson": true,
        "consoleReporter": "spec",
        "useInlineDiffs": false,
        "code": true
      },
      "version": "7.1.3"
    },
    "marge": {
      "options": null,
      "version": "6.2.0"
    }
  }
}